<?xml version="1.0" encoding="UTF-8"?>
<!-- Generated by org.testng.reporters.JUnitReportReporter -->
<testsuite hostname="DESKTOP-KJHFSLI" failures="0" tests="1" name="org.example.testRunner.Runner" time="5.766" errors="0" timestamp="2022-09-06T17:22:08 EET" skipped="0">
  <testcase classname="org.example.testRunner.Runner" name="runScenario" time="5.766"/>
  <system-out/>
</testsuite> <!-- org.example.testRunner.Runner -->
